-----------------------------
Date: Mon, Nov  4, 2024  3:31:18 PM
CPU Usage: %
Memory Usage: 
SSD Usage: 93G
-----------------------------
Date: Mon, Nov  4, 2024  3:31:21 PM
CPU Usage: %
Memory Usage: 
SSD Usage: 93G
-----------------------------
Date: Mon, Nov  4, 2024  3:31:24 PM
CPU Usage: %
Memory Usage: 
SSD Usage: 93G
-----------------------------
Date: Mon, Nov  4, 2024  3:34:17 PM
CPU Usage: %
Memory Usage: 
SSD Usage: 93G
-----------------------------
Date: Mon, Nov  4, 2024  3:34:22 PM
CPU Usage: %
Memory Usage: 
SSD Usage: 93G
-----------------------------
Date: Mon, Nov  4, 2024  3:34:27 PM
CPU Usage: %
Memory Usage: 
SSD Usage: 93G
-----------------------------
Date: Mon, Nov  4, 2024  3:34:33 PM
CPU Usage: %
Memory Usage: 
SSD Usage: 93G
-----------------------------
Date: Mon, Nov  4, 2024  3:34:38 PM
CPU Usage: %
Memory Usage: 
SSD Usage: 93G
-----------------------------
Date: Mon, Nov  4, 2024  3:34:43 PM
CPU Usage: %
Memory Usage: 
SSD Usage: 93G
-----------------------------
Date: Mon, Nov  4, 2024  3:34:49 PM
CPU Usage: %
Memory Usage: 
SSD Usage: 93G
-----------------------------
Date: Mon, Nov  4, 2024  3:34:54 PM
CPU Usage: %
Memory Usage: 
SSD Usage: 93G
-----------------------------
Date: Mon, Nov  4, 2024  3:34:59 PM
CPU Usage: %
Memory Usage: 
SSD Usage: 93G
